Build output check failed:
    Regex: 'command line option .* is valid for .* but not for C\+\+'
    Output line: 'cc1plus: warning: command line option '-Wmissing-prototypes' is valid for C/ObjC but not for C++'
Compilation failed:
    source file: '/workspaces/opencv4nodejs-express-websockets/node_modules/opencv-build/opencv/build/CMakeFiles/CMakeTmp/src.cxx'
    check option: ' -fsigned-char -W -Wall -Werror=return-type -Werror=non-virtual-dtor -Werror=address -Werror=sequence-point -Wformat -Werror=format-security -Wmissing-declarations  -Wmissing-prototypes'
===== BUILD LOG =====
Change Dir: /workspaces/opencv4nodejs-express-websockets/node_modules/opencv-build/opencv/build/CMakeFiles/CMakeTmp

Run Build Command(s):/usr/bin/make cmTC_b2c89/fast && /usr/bin/make -f CMakeFiles/cmTC_b2c89.dir/build.make CMakeFiles/cmTC_b2c89.dir/build
make[1]: Entering directory '/workspaces/opencv4nodejs-express-websockets/node_modules/opencv-build/opencv/build/CMakeFiles/CMakeTmp'
Building CXX object CMakeFiles/cmTC_b2c89.dir/src.cxx.o
/usr/bin/c++    -O3 -DNDEBUG -fPIE    -fsigned-char -W -Wall -Werror=return-type -Werror=non-virtual-dtor -Werror=address -Werror=sequence-point -Wformat -Werror=format-security -Wmissing-declarations  -Wmissing-prototypes -o CMakeFiles/cmTC_b2c89.dir/src.cxx.o -c /workspaces/opencv4nodejs-express-websockets/node_modules/opencv-build/opencv/build/CMakeFiles/CMakeTmp/src.cxx
cc1plus: warning: command line option '-Wmissing-prototypes' is valid for C/ObjC but not for C++
/workspaces/opencv4nodejs-express-websockets/node_modules/opencv-build/opencv/build/CMakeFiles/CMakeTmp/src.cxx:1: warning: ignoring #pragma   [-Wunknown-pragmas]
    1 | #pragma
      | 
Linking CXX executable cmTC_b2c89
/usr/bin/cmake -E cmake_link_script CMakeFiles/cmTC_b2c89.dir/link.txt --verbose=1
/usr/bin/c++    -O3 -DNDEBUG    -rdynamic CMakeFiles/cmTC_b2c89.dir/src.cxx.o  -o cmTC_b2c89 
make[1]: Leaving directory '/workspaces/opencv4nodejs-express-websockets/node_modules/opencv-build/opencv/build/CMakeFiles/CMakeTmp'


===== END =====

Build output check failed:
    Regex: 'command line option .* is valid for .* but not for C\+\+'
    Output line: 'cc1plus: warning: command line option '-Wstrict-prototypes' is valid for C/ObjC but not for C++'
Compilation failed:
    source file: '/workspaces/opencv4nodejs-express-websockets/node_modules/opencv-build/opencv/build/CMakeFiles/CMakeTmp/src.cxx'
    check option: ' -fsigned-char -W -Wall -Werror=return-type -Werror=non-virtual-dtor -Werror=address -Werror=sequence-point -Wformat -Werror=format-security -Wmissing-declarations  -Wstrict-prototypes'
===== BUILD LOG =====
Change Dir: /workspaces/opencv4nodejs-express-websockets/node_modules/opencv-build/opencv/build/CMakeFiles/CMakeTmp

Run Build Command(s):/usr/bin/make cmTC_e48c9/fast && /usr/bin/make -f CMakeFiles/cmTC_e48c9.dir/build.make CMakeFiles/cmTC_e48c9.dir/build
make[1]: Entering directory '/workspaces/opencv4nodejs-express-websockets/node_modules/opencv-build/opencv/build/CMakeFiles/CMakeTmp'
Building CXX object CMakeFiles/cmTC_e48c9.dir/src.cxx.o
/usr/bin/c++    -O3 -DNDEBUG -fPIE    -fsigned-char -W -Wall -Werror=return-type -Werror=non-virtual-dtor -Werror=address -Werror=sequence-point -Wformat -Werror=format-security -Wmissing-declarations  -Wstrict-prototypes -o CMakeFiles/cmTC_e48c9.dir/src.cxx.o -c /workspaces/opencv4nodejs-express-websockets/node_modules/opencv-build/opencv/build/CMakeFiles/CMakeTmp/src.cxx
cc1plus: warning: command line option '-Wstrict-prototypes' is valid for C/ObjC but not for C++
/workspaces/opencv4nodejs-express-websockets/node_modules/opencv-build/opencv/build/CMakeFiles/CMakeTmp/src.cxx:1: warning: ignoring #pragma   [-Wunknown-pragmas]
    1 | #pragma
      | 
Linking CXX executable cmTC_e48c9
/usr/bin/cmake -E cmake_link_script CMakeFiles/cmTC_e48c9.dir/link.txt --verbose=1
/usr/bin/c++    -O3 -DNDEBUG    -rdynamic CMakeFiles/cmTC_e48c9.dir/src.cxx.o  -o cmTC_e48c9 
make[1]: Leaving directory '/workspaces/opencv4nodejs-express-websockets/node_modules/opencv-build/opencv/build/CMakeFiles/CMakeTmp'


===== END =====

Build output check failed:
    Regex: 'command line option .* is valid for .* but not for C'
    Output line: 'cc1: warning: command line option '-Wsign-promo' is valid for C++/ObjC++ but not for C'
Compilation failed:
    source file: '/workspaces/opencv4nodejs-express-websockets/node_modules/opencv-build/opencv/build/CMakeFiles/CMakeTmp/src.c'
    check option: ' -fsigned-char -W -Wall -Werror=return-type -Werror=non-virtual-dtor -Werror=address -Werror=sequence-point -Wformat -Werror=format-security -Wmissing-declarations -Wmissing-prototypes -Wstrict-prototypes -Wundef -Winit-self -Wpointer-arith -Wshadow  -Wsign-promo'
===== BUILD LOG =====
Change Dir: /workspaces/opencv4nodejs-express-websockets/node_modules/opencv-build/opencv/build/CMakeFiles/CMakeTmp

Run Build Command(s):/usr/bin/make cmTC_4b3a7/fast && /usr/bin/make -f CMakeFiles/cmTC_4b3a7.dir/build.make CMakeFiles/cmTC_4b3a7.dir/build
make[1]: Entering directory '/workspaces/opencv4nodejs-express-websockets/node_modules/opencv-build/opencv/build/CMakeFiles/CMakeTmp'
Building C object CMakeFiles/cmTC_4b3a7.dir/src.c.o
/usr/bin/cc   -O3 -DNDEBUG -fPIE    -fsigned-char -W -Wall -Werror=return-type -Werror=non-virtual-dtor -Werror=address -Werror=sequence-point -Wformat -Werror=format-security -Wmissing-declarations -Wmissing-prototypes -Wstrict-prototypes -Wundef -Winit-self -Wpointer-arith -Wshadow  -Wsign-promo -o CMakeFiles/cmTC_4b3a7.dir/src.c.o   -c /workspaces/opencv4nodejs-express-websockets/node_modules/opencv-build/opencv/build/CMakeFiles/CMakeTmp/src.c
cc1: warning: '-Werror=' argument '-Werror=non-virtual-dtor' is not valid for C
cc1: warning: command line option '-Wsign-promo' is valid for C++/ObjC++ but not for C
/workspaces/opencv4nodejs-express-websockets/node_modules/opencv-build/opencv/build/CMakeFiles/CMakeTmp/src.c:1: warning: ignoring #pragma   [-Wunknown-pragmas]
    1 | #pragma
      | 
Linking C executable cmTC_4b3a7
/usr/bin/cmake -E cmake_link_script CMakeFiles/cmTC_4b3a7.dir/link.txt --verbose=1
/usr/bin/cc   -O3 -DNDEBUG    -rdynamic CMakeFiles/cmTC_4b3a7.dir/src.c.o  -o cmTC_4b3a7 
make[1]: Leaving directory '/workspaces/opencv4nodejs-express-websockets/node_modules/opencv-build/opencv/build/CMakeFiles/CMakeTmp'


===== END =====

Build output check failed:
    Regex: 'command line option .* is valid for .* but not for C'
    Output line: 'cc1: warning: command line option '-Wno-delete-non-virtual-dtor' is valid for C++/ObjC++ but not for C'
Compilation failed:
    source file: '/workspaces/opencv4nodejs-express-websockets/node_modules/opencv-build/opencv/build/CMakeFiles/CMakeTmp/src.c'
    check option: ' -fsigned-char -W -Wall -Werror=return-type -Werror=non-virtual-dtor -Werror=address -Werror=sequence-point -Wformat -Werror=format-security -Wmissing-declarations -Wmissing-prototypes -Wstrict-prototypes -Wundef -Winit-self -Wpointer-arith -Wshadow -Wuninitialized -Winit-self  -Wno-delete-non-virtual-dtor'
===== BUILD LOG =====
Change Dir: /workspaces/opencv4nodejs-express-websockets/node_modules/opencv-build/opencv/build/CMakeFiles/CMakeTmp

Run Build Command(s):/usr/bin/make cmTC_82751/fast && /usr/bin/make -f CMakeFiles/cmTC_82751.dir/build.make CMakeFiles/cmTC_82751.dir/build
make[1]: Entering directory '/workspaces/opencv4nodejs-express-websockets/node_modules/opencv-build/opencv/build/CMakeFiles/CMakeTmp'
Building C object CMakeFiles/cmTC_82751.dir/src.c.o
/usr/bin/cc   -O3 -DNDEBUG -fPIE    -fsigned-char -W -Wall -Werror=return-type -Werror=non-virtual-dtor -Werror=address -Werror=sequence-point -Wformat -Werror=format-security -Wmissing-declarations -Wmissing-prototypes -Wstrict-prototypes -Wundef -Winit-self -Wpointer-arith -Wshadow -Wuninitialized -Winit-self  -Wno-delete-non-virtual-dtor -o CMakeFiles/cmTC_82751.dir/src.c.o   -c /workspaces/opencv4nodejs-express-websockets/node_modules/opencv-build/opencv/build/CMakeFiles/CMakeTmp/src.c
cc1: warning: '-Werror=' argument '-Werror=non-virtual-dtor' is not valid for C
cc1: warning: command line option '-Wno-delete-non-virtual-dtor' is valid for C++/ObjC++ but not for C
/workspaces/opencv4nodejs-express-websockets/node_modules/opencv-build/opencv/build/CMakeFiles/CMakeTmp/src.c:1: warning: ignoring #pragma   [-Wunknown-pragmas]
    1 | #pragma
      | 
Linking C executable cmTC_82751
/usr/bin/cmake -E cmake_link_script CMakeFiles/cmTC_82751.dir/link.txt --verbose=1
/usr/bin/cc   -O3 -DNDEBUG    -rdynamic CMakeFiles/cmTC_82751.dir/src.c.o  -o cmTC_82751 
make[1]: Leaving directory '/workspaces/opencv4nodejs-express-websockets/node_modules/opencv-build/opencv/build/CMakeFiles/CMakeTmp'


===== END =====

Build output check failed:
    Regex: 'unrecognized .*option'
    Output line: 'cc1plus: warning: unrecognized command line option '-Wno-unnamed-type-template-args''
Compilation failed:
    source file: '/workspaces/opencv4nodejs-express-websockets/node_modules/opencv-build/opencv/build/CMakeFiles/CMakeTmp/src.cxx'
    check option: ' -fsigned-char -W -Wall -Werror=return-type -Werror=non-virtual-dtor -Werror=address -Werror=sequence-point -Wformat -Werror=format-security -Wmissing-declarations -Wundef -Winit-self -Wpointer-arith -Wshadow -Wsign-promo -Wuninitialized -Winit-self -Wno-delete-non-virtual-dtor  -Wno-unnamed-type-template-args'
===== BUILD LOG =====
Change Dir: /workspaces/opencv4nodejs-express-websockets/node_modules/opencv-build/opencv/build/CMakeFiles/CMakeTmp

Run Build Command(s):/usr/bin/make cmTC_a5546/fast && /usr/bin/make -f CMakeFiles/cmTC_a5546.dir/build.make CMakeFiles/cmTC_a5546.dir/build
make[1]: Entering directory '/workspaces/opencv4nodejs-express-websockets/node_modules/opencv-build/opencv/build/CMakeFiles/CMakeTmp'
Building CXX object CMakeFiles/cmTC_a5546.dir/src.cxx.o
/usr/bin/c++    -O3 -DNDEBUG -fPIE    -fsigned-char -W -Wall -Werror=return-type -Werror=non-virtual-dtor -Werror=address -Werror=sequence-point -Wformat -Werror=format-security -Wmissing-declarations -Wundef -Winit-self -Wpointer-arith -Wshadow -Wsign-promo -Wuninitialized -Winit-self -Wno-delete-non-virtual-dtor  -Wno-unnamed-type-template-args -o CMakeFiles/cmTC_a5546.dir/src.cxx.o -c /workspaces/opencv4nodejs-express-websockets/node_modules/opencv-build/opencv/build/CMakeFiles/CMakeTmp/src.cxx
/workspaces/opencv4nodejs-express-websockets/node_modules/opencv-build/opencv/build/CMakeFiles/CMakeTmp/src.cxx:1: warning: ignoring #pragma   [-Wunknown-pragmas]
    1 | #pragma
      | 
cc1plus: warning: unrecognized command line option '-Wno-unnamed-type-template-args'
Linking CXX executable cmTC_a5546
/usr/bin/cmake -E cmake_link_script CMakeFiles/cmTC_a5546.dir/link.txt --verbose=1
/usr/bin/c++    -O3 -DNDEBUG    -rdynamic CMakeFiles/cmTC_a5546.dir/src.cxx.o  -o cmTC_a5546 
make[1]: Leaving directory '/workspaces/opencv4nodejs-express-websockets/node_modules/opencv-build/opencv/build/CMakeFiles/CMakeTmp'


===== END =====

Build output check failed:
    Regex: 'unrecognized .*option'
    Output line: 'cc1: warning: unrecognized command line option '-Wno-unnamed-type-template-args''
Compilation failed:
    source file: '/workspaces/opencv4nodejs-express-websockets/node_modules/opencv-build/opencv/build/CMakeFiles/CMakeTmp/src.c'
    check option: ' -fsigned-char -W -Wall -Werror=return-type -Werror=non-virtual-dtor -Werror=address -Werror=sequence-point -Wformat -Werror=format-security -Wmissing-declarations -Wmissing-prototypes -Wstrict-prototypes -Wundef -Winit-self -Wpointer-arith -Wshadow -Wuninitialized -Winit-self  -Wno-unnamed-type-template-args'
===== BUILD LOG =====
Change Dir: /workspaces/opencv4nodejs-express-websockets/node_modules/opencv-build/opencv/build/CMakeFiles/CMakeTmp

Run Build Command(s):/usr/bin/make cmTC_76ae2/fast && /usr/bin/make -f CMakeFiles/cmTC_76ae2.dir/build.make CMakeFiles/cmTC_76ae2.dir/build
make[1]: Entering directory '/workspaces/opencv4nodejs-express-websockets/node_modules/opencv-build/opencv/build/CMakeFiles/CMakeTmp'
Building C object CMakeFiles/cmTC_76ae2.dir/src.c.o
/usr/bin/cc   -O3 -DNDEBUG -fPIE    -fsigned-char -W -Wall -Werror=return-type -Werror=non-virtual-dtor -Werror=address -Werror=sequence-point -Wformat -Werror=format-security -Wmissing-declarations -Wmissing-prototypes -Wstrict-prototypes -Wundef -Winit-self -Wpointer-arith -Wshadow -Wuninitialized -Winit-self  -Wno-unnamed-type-template-args -o CMakeFiles/cmTC_76ae2.dir/src.c.o   -c /workspaces/opencv4nodejs-express-websockets/node_modules/opencv-build/opencv/build/CMakeFiles/CMakeTmp/src.c
cc1: warning: '-Werror=' argument '-Werror=non-virtual-dtor' is not valid for C
/workspaces/opencv4nodejs-express-websockets/node_modules/opencv-build/opencv/build/CMakeFiles/CMakeTmp/src.c:1: warning: ignoring #pragma   [-Wunknown-pragmas]
    1 | #pragma
      | 
cc1: warning: unrecognized command line option '-Wno-unnamed-type-template-args'
Linking C executable cmTC_76ae2
/usr/bin/cmake -E cmake_link_script CMakeFiles/cmTC_76ae2.dir/link.txt --verbose=1
/usr/bin/cc   -O3 -DNDEBUG    -rdynamic CMakeFiles/cmTC_76ae2.dir/src.c.o  -o cmTC_76ae2 
make[1]: Leaving directory '/workspaces/opencv4nodejs-express-websockets/node_modules/opencv-build/opencv/build/CMakeFiles/CMakeTmp'


===== END =====

Build output check failed:
    Regex: 'command line option .* is valid for .* but not for C'
    Output line: 'cc1: warning: command line option '-fvisibility-inlines-hidden' is valid for C++/ObjC++ but not for C'
Compilation failed:
    source file: '/workspaces/opencv4nodejs-express-websockets/node_modules/opencv-build/opencv/build/CMakeFiles/CMakeTmp/src.c'
    check option: ' -fsigned-char -W -Wall -Werror=return-type -Werror=non-virtual-dtor -Werror=address -Werror=sequence-point -Wformat -Werror=format-security -Wmissing-declarations -Wmissing-prototypes -Wstrict-prototypes -Wundef -Winit-self -Wpointer-arith -Wshadow -Wuninitialized -Winit-self -Wno-comment -Wimplicit-fallthrough=3 -Wno-strict-overflow -fdiagnostics-show-option -Wno-long-long -pthread -fomit-frame-pointer -ffunction-sections -fdata-sections  -msse -msse2 -msse3 -fvisibility=hidden  -fvisibility-inlines-hidden'
===== BUILD LOG =====
Change Dir: /workspaces/opencv4nodejs-express-websockets/node_modules/opencv-build/opencv/build/CMakeFiles/CMakeTmp

Run Build Command(s):/usr/bin/make cmTC_e5ba0/fast && /usr/bin/make -f CMakeFiles/cmTC_e5ba0.dir/build.make CMakeFiles/cmTC_e5ba0.dir/build
make[1]: Entering directory '/workspaces/opencv4nodejs-express-websockets/node_modules/opencv-build/opencv/build/CMakeFiles/CMakeTmp'
Building C object CMakeFiles/cmTC_e5ba0.dir/src.c.o
/usr/bin/cc   -O3 -DNDEBUG -fPIE    -fsigned-char -W -Wall -Werror=return-type -Werror=non-virtual-dtor -Werror=address -Werror=sequence-point -Wformat -Werror=format-security -Wmissing-declarations -Wmissing-prototypes -Wstrict-prototypes -Wundef -Winit-self -Wpointer-arith -Wshadow -Wuninitialized -Winit-self -Wno-comment -Wimplicit-fallthrough=3 -Wno-strict-overflow -fdiagnostics-show-option -Wno-long-long -pthread -fomit-frame-pointer -ffunction-sections -fdata-sections  -msse -msse2 -msse3 -fvisibility=hidden  -fvisibility-inlines-hidden -o CMakeFiles/cmTC_e5ba0.dir/src.c.o   -c /workspaces/opencv4nodejs-express-websockets/node_modules/opencv-build/opencv/build/CMakeFiles/CMakeTmp/src.c
cc1: warning: '-Werror=' argument '-Werror=non-virtual-dtor' is not valid for C
cc1: warning: command line option '-fvisibility-inlines-hidden' is valid for C++/ObjC++ but not for C
/workspaces/opencv4nodejs-express-websockets/node_modules/opencv-build/opencv/build/CMakeFiles/CMakeTmp/src.c:1: warning: ignoring #pragma   [-Wunknown-pragmas]
    1 | #pragma
      | 
Linking C executable cmTC_e5ba0
/usr/bin/cmake -E cmake_link_script CMakeFiles/cmTC_e5ba0.dir/link.txt --verbose=1
/usr/bin/cc   -O3 -DNDEBUG    -rdynamic CMakeFiles/cmTC_e5ba0.dir/src.c.o  -o cmTC_e5ba0 
make[1]: Leaving directory '/workspaces/opencv4nodejs-express-websockets/node_modules/opencv-build/opencv/build/CMakeFiles/CMakeTmp'


===== END =====

Build output check failed:
    Regex: 'unrecognized .*option'
    Output line: 'cc1: warning: unrecognized command line option '-Wno-shorten-64-to-32''
Compilation failed:
    source file: '/workspaces/opencv4nodejs-express-websockets/node_modules/opencv-build/opencv/build/CMakeFiles/CMakeTmp/src.c'
    check option: ' -Wno-shorten-64-to-32'
===== BUILD LOG =====
Change Dir: /workspaces/opencv4nodejs-express-websockets/node_modules/opencv-build/opencv/build/CMakeFiles/CMakeTmp

Run Build Command(s):/usr/bin/make cmTC_12b98/fast && /usr/bin/make -f CMakeFiles/cmTC_12b98.dir/build.make CMakeFiles/cmTC_12b98.dir/build
make[1]: Entering directory '/workspaces/opencv4nodejs-express-websockets/node_modules/opencv-build/opencv/build/CMakeFiles/CMakeTmp'
Building C object CMakeFiles/cmTC_12b98.dir/src.c.o
/usr/bin/cc   -fsigned-char -W -Wall -Werror=return-type -Werror=non-virtual-dtor -Werror=address -Werror=sequence-point -Wformat -Werror=format-security -Wmissing-declarations -Wmissing-prototypes -Wstrict-prototypes -Wundef -Winit-self -Wpointer-arith -Wshadow -Wuninitialized -Winit-self -Wno-comment -Wimplicit-fallthrough=3 -Wno-strict-overflow -fdiagnostics-show-option -Wno-long-long -pthread -fomit-frame-pointer -ffunction-sections -fdata-sections  -msse -msse2 -msse3 -fvisibility=hidden -Wno-unused-parameter -Wno-sign-compare  -O3 -DNDEBUG -fPIE    -Wno-shorten-64-to-32 -o CMakeFiles/cmTC_12b98.dir/src.c.o   -c /workspaces/opencv4nodejs-express-websockets/node_modules/opencv-build/opencv/build/CMakeFiles/CMakeTmp/src.c
cc1: warning: '-Werror=' argument '-Werror=non-virtual-dtor' is not valid for C
/workspaces/opencv4nodejs-express-websockets/node_modules/opencv-build/opencv/build/CMakeFiles/CMakeTmp/src.c:1: warning: ignoring #pragma   [-Wunknown-pragmas]
    1 | #pragma
      | 
cc1: warning: unrecognized command line option '-Wno-shorten-64-to-32'
Linking C executable cmTC_12b98
/usr/bin/cmake -E cmake_link_script CMakeFiles/cmTC_12b98.dir/link.txt --verbose=1
/usr/bin/cc    -fsigned-char -W -Wall -Werror=return-type -Werror=non-virtual-dtor -Werror=address -Werror=sequence-point -Wformat -Werror=format-security -Wmissing-declarations -Wmissing-prototypes -Wstrict-prototypes -Wundef -Winit-self -Wpointer-arith -Wshadow -Wuninitialized -Winit-self -Wno-comment -Wimplicit-fallthrough=3 -Wno-strict-overflow -fdiagnostics-show-option -Wno-long-long -pthread -fomit-frame-pointer -ffunction-sections -fdata-sections  -msse -msse2 -msse3 -fvisibility=hidden -Wno-unused-parameter -Wno-sign-compare  -O3 -DNDEBUG    -Wl,--gc-sections  -rdynamic CMakeFiles/cmTC_12b98.dir/src.c.o  -o cmTC_12b98 
make[1]: Leaving directory '/workspaces/opencv4nodejs-express-websockets/node_modules/opencv-build/opencv/build/CMakeFiles/CMakeTmp'


===== END =====

Determining if the include file io.h exists failed with the following output:
Change Dir: /workspaces/opencv4nodejs-express-websockets/node_modules/opencv-build/opencv/build/CMakeFiles/CMakeTmp

Run Build Command(s):/usr/bin/make cmTC_fdf2f/fast && /usr/bin/make -f CMakeFiles/cmTC_fdf2f.dir/build.make CMakeFiles/cmTC_fdf2f.dir/build
make[1]: Entering directory '/workspaces/opencv4nodejs-express-websockets/node_modules/opencv-build/opencv/build/CMakeFiles/CMakeTmp'
Building C object CMakeFiles/cmTC_fdf2f.dir/CheckIncludeFile.c.o
/usr/bin/cc   -fsigned-char -W -Wall -Werror=return-type -Werror=non-virtual-dtor -Werror=address -Werror=sequence-point -Wformat -Werror=format-security -Wmissing-declarations -Wmissing-prototypes -Wstrict-prototypes -Wundef -Winit-self -Wpointer-arith -Wshadow -Wuninitialized -Winit-self -Wno-comment -Wimplicit-fallthrough=3 -Wno-strict-overflow -fdiagnostics-show-option -Wno-long-long -pthread -fomit-frame-pointer -ffunction-sections -fdata-sections  -msse -msse2 -msse3 -fvisibility=hidden  -O3 -DNDEBUG -fPIE   -o CMakeFiles/cmTC_fdf2f.dir/CheckIncludeFile.c.o   -c /workspaces/opencv4nodejs-express-websockets/node_modules/opencv-build/opencv/build/CMakeFiles/CMakeTmp/CheckIncludeFile.c
cc1: warning: '-Werror=' argument '-Werror=non-virtual-dtor' is not valid for C
/workspaces/opencv4nodejs-express-websockets/node_modules/opencv-build/opencv/build/CMakeFiles/CMakeTmp/CheckIncludeFile.c:1:10: fatal error: io.h: No such file or directory
    1 | #include <io.h>
      |          ^~~~~~
compilation terminated.
make[1]: *** [CMakeFiles/cmTC_fdf2f.dir/build.make:66: CMakeFiles/cmTC_fdf2f.dir/CheckIncludeFile.c.o] Error 1
make[1]: Leaving directory '/workspaces/opencv4nodejs-express-websockets/node_modules/opencv-build/opencv/build/CMakeFiles/CMakeTmp'
make: *** [Makefile:121: cmTC_fdf2f/fast] Error 2



Determining size of INT8 failed with the following output:
Change Dir: /workspaces/opencv4nodejs-express-websockets/node_modules/opencv-build/opencv/build/CMakeFiles/CMakeTmp

Run Build Command(s):/usr/bin/make cmTC_7a3fd/fast && /usr/bin/make -f CMakeFiles/cmTC_7a3fd.dir/build.make CMakeFiles/cmTC_7a3fd.dir/build
make[1]: Entering directory '/workspaces/opencv4nodejs-express-websockets/node_modules/opencv-build/opencv/build/CMakeFiles/CMakeTmp'
Building C object CMakeFiles/cmTC_7a3fd.dir/int8.c.o
/usr/bin/cc   -fsigned-char -W -Wall -Werror=return-type -Werror=non-virtual-dtor -Werror=address -Werror=sequence-point -Wformat -Werror=format-security -Wmissing-declarations -Wmissing-prototypes -Wstrict-prototypes -Wundef -Winit-self -Wpointer-arith -Wshadow -Wuninitialized -Winit-self -Wno-comment -Wimplicit-fallthrough=3 -Wno-strict-overflow -fdiagnostics-show-option -Wno-long-long -pthread -fomit-frame-pointer -ffunction-sections -fdata-sections  -msse -msse2 -msse3 -fvisibility=hidden  -O3 -DNDEBUG -fPIE   -o CMakeFiles/cmTC_7a3fd.dir/int8.c.o   -c /workspaces/opencv4nodejs-express-websockets/node_modules/opencv-build/opencv/build/CMakeFiles/CheckTypeSize/int8.c
cc1: warning: '-Werror=' argument '-Werror=non-virtual-dtor' is not valid for C
/workspaces/opencv4nodejs-express-websockets/node_modules/opencv-build/opencv/build/CMakeFiles/CheckTypeSize/int8.c:23:22: error: 'INT8' undeclared here (not in a function); did you mean 'INT8_C'?
   23 | #define SIZE (sizeof(INT8))
      |                      ^~~~
/workspaces/opencv4nodejs-express-websockets/node_modules/opencv-build/opencv/build/CMakeFiles/CheckTypeSize/int8.c:25:12: note: in expansion of macro 'SIZE'
   25 |   ('0' + ((SIZE / 10000)%10)),
      |            ^~~~
make[1]: *** [CMakeFiles/cmTC_7a3fd.dir/build.make:66: CMakeFiles/cmTC_7a3fd.dir/int8.c.o] Error 1
make[1]: Leaving directory '/workspaces/opencv4nodejs-express-websockets/node_modules/opencv-build/opencv/build/CMakeFiles/CMakeTmp'
make: *** [Makefile:121: cmTC_7a3fd/fast] Error 2


/workspaces/opencv4nodejs-express-websockets/node_modules/opencv-build/opencv/build/CMakeFiles/CheckTypeSize/int8.c:
#include <sys/types.h>
#include <stdint.h>
#include <stddef.h>


#undef KEY
#if defined(__i386)
# define KEY '_','_','i','3','8','6'
#elif defined(__x86_64)
# define KEY '_','_','x','8','6','_','6','4'
#elif defined(__ppc__)
# define KEY '_','_','p','p','c','_','_'
#elif defined(__ppc64__)
# define KEY '_','_','p','p','c','6','4','_','_'
#elif defined(__aarch64__)
# define KEY '_','_','a','a','r','c','h','6','4','_','_'
#elif defined(__ARM_ARCH_7A__)
# define KEY '_','_','A','R','M','_','A','R','C','H','_','7','A','_','_'
#elif defined(__ARM_ARCH_7S__)
# define KEY '_','_','A','R','M','_','A','R','C','H','_','7','S','_','_'
#endif

#define SIZE (sizeof(INT8))
static char info_size[] =  {'I', 'N', 'F', 'O', ':', 's','i','z','e','[',
  ('0' + ((SIZE / 10000)%10)),
  ('0' + ((SIZE / 1000)%10)),
  ('0' + ((SIZE / 100)%10)),
  ('0' + ((SIZE / 10)%10)),
  ('0' +  (SIZE    % 10)),
  ']',
#ifdef KEY
  ' ','k','e','y','[', KEY, ']',
#endif
  '\0'};

#ifdef __CLASSIC_C__
int main(argc, argv) int argc; char *argv[];
#else
int main(int argc, char *argv[])
#endif
{
  int require = 0;
  require += info_size[argc];
  (void)argv;
  return require;
}


Determining size of INT16 failed with the following output:
Change Dir: /workspaces/opencv4nodejs-express-websockets/node_modules/opencv-build/opencv/build/CMakeFiles/CMakeTmp

Run Build Command(s):/usr/bin/make cmTC_35b08/fast && /usr/bin/make -f CMakeFiles/cmTC_35b08.dir/build.make CMakeFiles/cmTC_35b08.dir/build
make[1]: Entering directory '/workspaces/opencv4nodejs-express-websockets/node_modules/opencv-build/opencv/build/CMakeFiles/CMakeTmp'
Building C object CMakeFiles/cmTC_35b08.dir/int16.c.o
/usr/bin/cc   -fsigned-char -W -Wall -Werror=return-type -Werror=non-virtual-dtor -Werror=address -Werror=sequence-point -Wformat -Werror=format-security -Wmissing-declarations -Wmissing-prototypes -Wstrict-prototypes -Wundef -Winit-self -Wpointer-arith -Wshadow -Wuninitialized -Winit-self -Wno-comment -Wimplicit-fallthrough=3 -Wno-strict-overflow -fdiagnostics-show-option -Wno-long-long -pthread -fomit-frame-pointer -ffunction-sections -fdata-sections  -msse -msse2 -msse3 -fvisibility=hidden  -O3 -DNDEBUG -fPIE   -o CMakeFiles/cmTC_35b08.dir/int16.c.o   -c /workspaces/opencv4nodejs-express-websockets/node_modules/opencv-build/opencv/build/CMakeFiles/CheckTypeSize/int16.c
cc1: warning: '-Werror=' argument '-Werror=non-virtual-dtor' is not valid for C
/workspaces/opencv4nodejs-express-websockets/node_modules/opencv-build/opencv/build/CMakeFiles/CheckTypeSize/int16.c:23:22: error: 'INT16' undeclared here (not in a function); did you mean 'INT16_C'?
   23 | #define SIZE (sizeof(INT16))
      |                      ^~~~~
/workspaces/opencv4nodejs-express-websockets/node_modules/opencv-build/opencv/build/CMakeFiles/CheckTypeSize/int16.c:25:12: note: in expansion of macro 'SIZE'
   25 |   ('0' + ((SIZE / 10000)%10)),
      |            ^~~~
make[1]: *** [CMakeFiles/cmTC_35b08.dir/build.make:66: CMakeFiles/cmTC_35b08.dir/int16.c.o] Error 1
make[1]: Leaving directory '/workspaces/opencv4nodejs-express-websockets/node_modules/opencv-build/opencv/build/CMakeFiles/CMakeTmp'
make: *** [Makefile:121: cmTC_35b08/fast] Error 2


/workspaces/opencv4nodejs-express-websockets/node_modules/opencv-build/opencv/build/CMakeFiles/CheckTypeSize/int16.c:
#include <sys/types.h>
#include <stdint.h>
#include <stddef.h>


#undef KEY
#if defined(__i386)
# define KEY '_','_','i','3','8','6'
#elif defined(__x86_64)
# define KEY '_','_','x','8','6','_','6','4'
#elif defined(__ppc__)
# define KEY '_','_','p','p','c','_','_'
#elif defined(__ppc64__)
# define KEY '_','_','p','p','c','6','4','_','_'
#elif defined(__aarch64__)
# define KEY '_','_','a','a','r','c','h','6','4','_','_'
#elif defined(__ARM_ARCH_7A__)
# define KEY '_','_','A','R','M','_','A','R','C','H','_','7','A','_','_'
#elif defined(__ARM_ARCH_7S__)
# define KEY '_','_','A','R','M','_','A','R','C','H','_','7','S','_','_'
#endif

#define SIZE (sizeof(INT16))
static char info_size[] =  {'I', 'N', 'F', 'O', ':', 's','i','z','e','[',
  ('0' + ((SIZE / 10000)%10)),
  ('0' + ((SIZE / 1000)%10)),
  ('0' + ((SIZE / 100)%10)),
  ('0' + ((SIZE / 10)%10)),
  ('0' +  (SIZE    % 10)),
  ']',
#ifdef KEY
  ' ','k','e','y','[', KEY, ']',
#endif
  '\0'};

#ifdef __CLASSIC_C__
int main(argc, argv) int argc; char *argv[];
#else
int main(int argc, char *argv[])
#endif
{
  int require = 0;
  require += info_size[argc];
  (void)argv;
  return require;
}


Determining size of INT32 failed with the following output:
Change Dir: /workspaces/opencv4nodejs-express-websockets/node_modules/opencv-build/opencv/build/CMakeFiles/CMakeTmp

Run Build Command(s):/usr/bin/make cmTC_dd945/fast && /usr/bin/make -f CMakeFiles/cmTC_dd945.dir/build.make CMakeFiles/cmTC_dd945.dir/build
make[1]: Entering directory '/workspaces/opencv4nodejs-express-websockets/node_modules/opencv-build/opencv/build/CMakeFiles/CMakeTmp'
Building C object CMakeFiles/cmTC_dd945.dir/int32.c.o
/usr/bin/cc   -fsigned-char -W -Wall -Werror=return-type -Werror=non-virtual-dtor -Werror=address -Werror=sequence-point -Wformat -Werror=format-security -Wmissing-declarations -Wmissing-prototypes -Wstrict-prototypes -Wundef -Winit-self -Wpointer-arith -Wshadow -Wuninitialized -Winit-self -Wno-comment -Wimplicit-fallthrough=3 -Wno-strict-overflow -fdiagnostics-show-option -Wno-long-long -pthread -fomit-frame-pointer -ffunction-sections -fdata-sections  -msse -msse2 -msse3 -fvisibility=hidden  -O3 -DNDEBUG -fPIE   -o CMakeFiles/cmTC_dd945.dir/int32.c.o   -c /workspaces/opencv4nodejs-express-websockets/node_modules/opencv-build/opencv/build/CMakeFiles/CheckTypeSize/int32.c
cc1: warning: '-Werror=' argument '-Werror=non-virtual-dtor' is not valid for C
/workspaces/opencv4nodejs-express-websockets/node_modules/opencv-build/opencv/build/CMakeFiles/CheckTypeSize/int32.c:23:22: error: 'INT32' undeclared here (not in a function); did you mean 'INT32_C'?
   23 | #define SIZE (sizeof(INT32))
      |                      ^~~~~
/workspaces/opencv4nodejs-express-websockets/node_modules/opencv-build/opencv/build/CMakeFiles/CheckTypeSize/int32.c:25:12: note: in expansion of macro 'SIZE'
   25 |   ('0' + ((SIZE / 10000)%10)),
      |            ^~~~
make[1]: *** [CMakeFiles/cmTC_dd945.dir/build.make:66: CMakeFiles/cmTC_dd945.dir/int32.c.o] Error 1
make[1]: Leaving directory '/workspaces/opencv4nodejs-express-websockets/node_modules/opencv-build/opencv/build/CMakeFiles/CMakeTmp'
make: *** [Makefile:121: cmTC_dd945/fast] Error 2


/workspaces/opencv4nodejs-express-websockets/node_modules/opencv-build/opencv/build/CMakeFiles/CheckTypeSize/int32.c:
#include <sys/types.h>
#include <stdint.h>
#include <stddef.h>


#undef KEY
#if defined(__i386)
# define KEY '_','_','i','3','8','6'
#elif defined(__x86_64)
# define KEY '_','_','x','8','6','_','6','4'
#elif defined(__ppc__)
# define KEY '_','_','p','p','c','_','_'
#elif defined(__ppc64__)
# define KEY '_','_','p','p','c','6','4','_','_'
#elif defined(__aarch64__)
# define KEY '_','_','a','a','r','c','h','6','4','_','_'
#elif defined(__ARM_ARCH_7A__)
# define KEY '_','_','A','R','M','_','A','R','C','H','_','7','A','_','_'
#elif defined(__ARM_ARCH_7S__)
# define KEY '_','_','A','R','M','_','A','R','C','H','_','7','S','_','_'
#endif

#define SIZE (sizeof(INT32))
static char info_size[] =  {'I', 'N', 'F', 'O', ':', 's','i','z','e','[',
  ('0' + ((SIZE / 10000)%10)),
  ('0' + ((SIZE / 1000)%10)),
  ('0' + ((SIZE / 100)%10)),
  ('0' + ((SIZE / 10)%10)),
  ('0' +  (SIZE    % 10)),
  ']',
#ifdef KEY
  ' ','k','e','y','[', KEY, ']',
#endif
  '\0'};

#ifdef __CLASSIC_C__
int main(argc, argv) int argc; char *argv[];
#else
int main(int argc, char *argv[])
#endif
{
  int require = 0;
  require += info_size[argc];
  (void)argv;
  return require;
}


Determining if the function setmode exists failed with the following output:
Change Dir: /workspaces/opencv4nodejs-express-websockets/node_modules/opencv-build/opencv/build/CMakeFiles/CMakeTmp

Run Build Command(s):/usr/bin/make cmTC_6600e/fast && /usr/bin/make -f CMakeFiles/cmTC_6600e.dir/build.make CMakeFiles/cmTC_6600e.dir/build
make[1]: Entering directory '/workspaces/opencv4nodejs-express-websockets/node_modules/opencv-build/opencv/build/CMakeFiles/CMakeTmp'
Building C object CMakeFiles/cmTC_6600e.dir/CheckFunctionExists.c.o
/usr/bin/cc   -fsigned-char -W -Wall -Werror=return-type -Werror=non-virtual-dtor -Werror=address -Werror=sequence-point -Wformat -Werror=format-security -Wmissing-declarations -Wmissing-prototypes -Wstrict-prototypes -Wundef -Winit-self -Wpointer-arith -Wshadow -Wuninitialized -Winit-self -Wno-comment -Wimplicit-fallthrough=3 -Wno-strict-overflow -fdiagnostics-show-option -Wno-long-long -pthread -fomit-frame-pointer -ffunction-sections -fdata-sections  -msse -msse2 -msse3 -fvisibility=hidden -DCHECK_FUNCTION_EXISTS=setmode -O3 -DNDEBUG -fPIE   -o CMakeFiles/cmTC_6600e.dir/CheckFunctionExists.c.o   -c /usr/share/cmake-3.16/Modules/CheckFunctionExists.c
cc1: warning: '-Werror=' argument '-Werror=non-virtual-dtor' is not valid for C
Linking C executable cmTC_6600e
/usr/bin/cmake -E cmake_link_script CMakeFiles/cmTC_6600e.dir/link.txt --verbose=1
/usr/bin/cc    -fsigned-char -W -Wall -Werror=return-type -Werror=non-virtual-dtor -Werror=address -Werror=sequence-point -Wformat -Werror=format-security -Wmissing-declarations -Wmissing-prototypes -Wstrict-prototypes -Wundef -Winit-self -Wpointer-arith -Wshadow -Wuninitialized -Winit-self -Wno-comment -Wimplicit-fallthrough=3 -Wno-strict-overflow -fdiagnostics-show-option -Wno-long-long -pthread -fomit-frame-pointer -ffunction-sections -fdata-sections  -msse -msse2 -msse3 -fvisibility=hidden -DCHECK_FUNCTION_EXISTS=setmode -O3 -DNDEBUG    -Wl,--gc-sections  -rdynamic CMakeFiles/cmTC_6600e.dir/CheckFunctionExists.c.o  -o cmTC_6600e 
/usr/bin/ld: CMakeFiles/cmTC_6600e.dir/CheckFunctionExists.c.o: in function `main':
CheckFunctionExists.c:(.text.startup.main+0x10): undefined reference to `setmode'
collect2: error: ld returned 1 exit status
make[1]: *** [CMakeFiles/cmTC_6600e.dir/build.make:87: cmTC_6600e] Error 1
make[1]: Leaving directory '/workspaces/opencv4nodejs-express-websockets/node_modules/opencv-build/opencv/build/CMakeFiles/CMakeTmp'
make: *** [Makefile:121: cmTC_6600e/fast] Error 2



Build output check failed:
    Regex: 'command line option .* is valid for .* but not for C\+\+'
    Output line: 'cc1plus: warning: command line option '-Wno-missing-prototypes' is valid for C/ObjC but not for C++'
Compilation failed:
    source file: '/workspaces/opencv4nodejs-express-websockets/node_modules/opencv-build/opencv/build/CMakeFiles/CMakeTmp/src.cxx'
    check option: ' -Wno-missing-prototypes'
===== BUILD LOG =====
Change Dir: /workspaces/opencv4nodejs-express-websockets/node_modules/opencv-build/opencv/build/CMakeFiles/CMakeTmp

Run Build Command(s):/usr/bin/make cmTC_84c68/fast && /usr/bin/make -f CMakeFiles/cmTC_84c68.dir/build.make CMakeFiles/cmTC_84c68.dir/build
make[1]: Entering directory '/workspaces/opencv4nodejs-express-websockets/node_modules/opencv-build/opencv/build/CMakeFiles/CMakeTmp'
Building CXX object CMakeFiles/cmTC_84c68.dir/src.cxx.o
/usr/bin/c++    -fsigned-char -W -Wall -Werror=return-type -Werror=non-virtual-dtor -Werror=address -Werror=sequence-point -Wformat -Werror=format-security -Wundef -Winit-self -Wpointer-arith -Wshadow -Wsign-promo -Wuninitialized -Winit-self -Wno-delete-non-virtual-dtor -Wno-comment -Wimplicit-fallthrough=3 -Wno-strict-overflow -fdiagnostics-show-option -Wno-long-long -pthread -fomit-frame-pointer -ffunction-sections -fdata-sections  -msse -msse2 -msse3 -fvisibility=hidden -fvisibility-inlines-hidden -Wno-missing-declarations -Wno-unused-parameter  -O3 -DNDEBUG -fPIE    -Wno-missing-prototypes -o CMakeFiles/cmTC_84c68.dir/src.cxx.o -c /workspaces/opencv4nodejs-express-websockets/node_modules/opencv-build/opencv/build/CMakeFiles/CMakeTmp/src.cxx
cc1plus: warning: command line option '-Wno-missing-prototypes' is valid for C/ObjC but not for C++
/workspaces/opencv4nodejs-express-websockets/node_modules/opencv-build/opencv/build/CMakeFiles/CMakeTmp/src.cxx:1: warning: ignoring #pragma   [-Wunknown-pragmas]
    1 | #pragma
      | 
Linking CXX executable cmTC_84c68
/usr/bin/cmake -E cmake_link_script CMakeFiles/cmTC_84c68.dir/link.txt --verbose=1
/usr/bin/c++     -fsigned-char -W -Wall -Werror=return-type -Werror=non-virtual-dtor -Werror=address -Werror=sequence-point -Wformat -Werror=format-security -Wundef -Winit-self -Wpointer-arith -Wshadow -Wsign-promo -Wuninitialized -Winit-self -Wno-delete-non-virtual-dtor -Wno-comment -Wimplicit-fallthrough=3 -Wno-strict-overflow -fdiagnostics-show-option -Wno-long-long -pthread -fomit-frame-pointer -ffunction-sections -fdata-sections  -msse -msse2 -msse3 -fvisibility=hidden -fvisibility-inlines-hidden -Wno-missing-declarations -Wno-unused-parameter  -O3 -DNDEBUG    -Wl,--gc-sections  -rdynamic CMakeFiles/cmTC_84c68.dir/src.cxx.o  -o cmTC_84c68 
make[1]: Leaving directory '/workspaces/opencv4nodejs-express-websockets/node_modules/opencv-build/opencv/build/CMakeFiles/CMakeTmp'


===== END =====

Build output check failed:
    Regex: 'unrecognized .*option'
    Output line: 'cc1plus: warning: unrecognized command line option '-Wno-inconsistent-missing-override''
Compilation failed:
    source file: '/workspaces/opencv4nodejs-express-websockets/node_modules/opencv-build/opencv/build/CMakeFiles/CMakeTmp/src.cxx'
    check option: ' -Wno-inconsistent-missing-override'
===== BUILD LOG =====
Change Dir: /workspaces/opencv4nodejs-express-websockets/node_modules/opencv-build/opencv/build/CMakeFiles/CMakeTmp

Run Build Command(s):/usr/bin/make cmTC_de217/fast && /usr/bin/make -f CMakeFiles/cmTC_de217.dir/build.make CMakeFiles/cmTC_de217.dir/build
make[1]: Entering directory '/workspaces/opencv4nodejs-express-websockets/node_modules/opencv-build/opencv/build/CMakeFiles/CMakeTmp'
Building CXX object CMakeFiles/cmTC_de217.dir/src.cxx.o
/usr/bin/c++    -fsigned-char -W -Wall -Werror=return-type -Werror=non-virtual-dtor -Werror=address -Werror=sequence-point -Wformat -Werror=format-security -Winit-self -Wpointer-arith -Wsign-promo -Winit-self -Wno-delete-non-virtual-dtor -Wno-comment -Wimplicit-fallthrough=3 -Wno-strict-overflow -fdiagnostics-show-option -Wno-long-long -pthread -fomit-frame-pointer -ffunction-sections -fdata-sections  -msse -msse2 -msse3 -fvisibility=hidden -fvisibility-inlines-hidden -Wno-shadow -Wno-unused -Wno-sign-compare -Wno-undef -Wno-missing-declarations -Wno-uninitialized -Wno-switch -Wno-parentheses -Wno-array-bounds -Wno-extra -Wno-deprecated-declarations -Wno-misleading-indentation -Wno-deprecated -Wno-suggest-override  -O3 -DNDEBUG -fPIE    -Wno-inconsistent-missing-override -o CMakeFiles/cmTC_de217.dir/src.cxx.o -c /workspaces/opencv4nodejs-express-websockets/node_modules/opencv-build/opencv/build/CMakeFiles/CMakeTmp/src.cxx
/workspaces/opencv4nodejs-express-websockets/node_modules/opencv-build/opencv/build/CMakeFiles/CMakeTmp/src.cxx:1: warning: ignoring #pragma   [-Wunknown-pragmas]
    1 | #pragma
      | 
cc1plus: warning: unrecognized command line option '-Wno-inconsistent-missing-override'
Linking CXX executable cmTC_de217
/usr/bin/cmake -E cmake_link_script CMakeFiles/cmTC_de217.dir/link.txt --verbose=1
/usr/bin/c++     -fsigned-char -W -Wall -Werror=return-type -Werror=non-virtual-dtor -Werror=address -Werror=sequence-point -Wformat -Werror=format-security -Winit-self -Wpointer-arith -Wsign-promo -Winit-self -Wno-delete-non-virtual-dtor -Wno-comment -Wimplicit-fallthrough=3 -Wno-strict-overflow -fdiagnostics-show-option -Wno-long-long -pthread -fomit-frame-pointer -ffunction-sections -fdata-sections  -msse -msse2 -msse3 -fvisibility=hidden -fvisibility-inlines-hidden -Wno-shadow -Wno-unused -Wno-sign-compare -Wno-undef -Wno-missing-declarations -Wno-uninitialized -Wno-switch -Wno-parentheses -Wno-array-bounds -Wno-extra -Wno-deprecated-declarations -Wno-misleading-indentation -Wno-deprecated -Wno-suggest-override  -O3 -DNDEBUG    -Wl,--gc-sections  -rdynamic CMakeFiles/cmTC_de217.dir/src.cxx.o  -o cmTC_de217 
make[1]: Leaving directory '/workspaces/opencv4nodejs-express-websockets/node_modules/opencv-build/opencv/build/CMakeFiles/CMakeTmp'


===== END =====

Determining if the include file linux/videodev.h exists failed with the following output:
Change Dir: /workspaces/opencv4nodejs-express-websockets/node_modules/opencv-build/opencv/build/CMakeFiles/CMakeTmp

Run Build Command(s):/usr/bin/make cmTC_625ca/fast && /usr/bin/make -f CMakeFiles/cmTC_625ca.dir/build.make CMakeFiles/cmTC_625ca.dir/build
make[1]: Entering directory '/workspaces/opencv4nodejs-express-websockets/node_modules/opencv-build/opencv/build/CMakeFiles/CMakeTmp'
Building C object CMakeFiles/cmTC_625ca.dir/CheckIncludeFile.c.o
/usr/bin/cc   -fsigned-char -W -Wall -Werror=return-type -Werror=non-virtual-dtor -Werror=address -Werror=sequence-point -Wformat -Werror=format-security -Wmissing-declarations -Wmissing-prototypes -Wstrict-prototypes -Wundef -Winit-self -Wpointer-arith -Wshadow -Wuninitialized -Winit-self -Wno-comment -Wimplicit-fallthrough=3 -Wno-strict-overflow -fdiagnostics-show-option -Wno-long-long -pthread -fomit-frame-pointer -ffunction-sections -fdata-sections  -msse -msse2 -msse3 -fvisibility=hidden  -O3 -DNDEBUG -fPIE   -o CMakeFiles/cmTC_625ca.dir/CheckIncludeFile.c.o   -c /workspaces/opencv4nodejs-express-websockets/node_modules/opencv-build/opencv/build/CMakeFiles/CMakeTmp/CheckIncludeFile.c
cc1: warning: '-Werror=' argument '-Werror=non-virtual-dtor' is not valid for C
/workspaces/opencv4nodejs-express-websockets/node_modules/opencv-build/opencv/build/CMakeFiles/CMakeTmp/CheckIncludeFile.c:1:10: fatal error: linux/videodev.h: No such file or directory
    1 | #include <linux/videodev.h>
      |          ^~~~~~~~~~~~~~~~~~
compilation terminated.
make[1]: *** [CMakeFiles/cmTC_625ca.dir/build.make:66: CMakeFiles/cmTC_625ca.dir/CheckIncludeFile.c.o] Error 1
make[1]: Leaving directory '/workspaces/opencv4nodejs-express-websockets/node_modules/opencv-build/opencv/build/CMakeFiles/CMakeTmp'
make: *** [Makefile:121: cmTC_625ca/fast] Error 2



Determining if the include file sys/videoio.h exists failed with the following output:
Change Dir: /workspaces/opencv4nodejs-express-websockets/node_modules/opencv-build/opencv/build/CMakeFiles/CMakeTmp

Run Build Command(s):/usr/bin/make cmTC_da6b3/fast && /usr/bin/make -f CMakeFiles/cmTC_da6b3.dir/build.make CMakeFiles/cmTC_da6b3.dir/build
make[1]: Entering directory '/workspaces/opencv4nodejs-express-websockets/node_modules/opencv-build/opencv/build/CMakeFiles/CMakeTmp'
Building C object CMakeFiles/cmTC_da6b3.dir/CheckIncludeFile.c.o
/usr/bin/cc   -fsigned-char -W -Wall -Werror=return-type -Werror=non-virtual-dtor -Werror=address -Werror=sequence-point -Wformat -Werror=format-security -Wmissing-declarations -Wmissing-prototypes -Wstrict-prototypes -Wundef -Winit-self -Wpointer-arith -Wshadow -Wuninitialized -Winit-self -Wno-comment -Wimplicit-fallthrough=3 -Wno-strict-overflow -fdiagnostics-show-option -Wno-long-long -pthread -fomit-frame-pointer -ffunction-sections -fdata-sections  -msse -msse2 -msse3 -fvisibility=hidden  -O3 -DNDEBUG -fPIE   -o CMakeFiles/cmTC_da6b3.dir/CheckIncludeFile.c.o   -c /workspaces/opencv4nodejs-express-websockets/node_modules/opencv-build/opencv/build/CMakeFiles/CMakeTmp/CheckIncludeFile.c
cc1: warning: '-Werror=' argument '-Werror=non-virtual-dtor' is not valid for C
/workspaces/opencv4nodejs-express-websockets/node_modules/opencv-build/opencv/build/CMakeFiles/CMakeTmp/CheckIncludeFile.c:1:10: fatal error: sys/videoio.h: No such file or directory
    1 | #include <sys/videoio.h>
      |          ^~~~~~~~~~~~~~~
compilation terminated.
make[1]: *** [CMakeFiles/cmTC_da6b3.dir/build.make:66: CMakeFiles/cmTC_da6b3.dir/CheckIncludeFile.c.o] Error 1
make[1]: Leaving directory '/workspaces/opencv4nodejs-express-websockets/node_modules/opencv-build/opencv/build/CMakeFiles/CMakeTmp'
make: *** [Makefile:121: cmTC_da6b3/fast] Error 2



Determining if the function sgemm_ exists failed with the following output:
Change Dir: /workspaces/opencv4nodejs-express-websockets/node_modules/opencv-build/opencv/build/CMakeFiles/CMakeTmp

Run Build Command(s):/usr/bin/make cmTC_d34aa/fast && /usr/bin/make -f CMakeFiles/cmTC_d34aa.dir/build.make CMakeFiles/cmTC_d34aa.dir/build
make[1]: Entering directory '/workspaces/opencv4nodejs-express-websockets/node_modules/opencv-build/opencv/build/CMakeFiles/CMakeTmp'
Building C object CMakeFiles/cmTC_d34aa.dir/CheckFunctionExists.c.o
/usr/bin/cc   -fsigned-char -W -Wall -Werror=return-type -Werror=non-virtual-dtor -Werror=address -Werror=sequence-point -Wformat -Werror=format-security -Wmissing-declarations -Wmissing-prototypes -Wstrict-prototypes -Wundef -Winit-self -Wpointer-arith -Wshadow -Wuninitialized -Winit-self -Wno-comment -Wimplicit-fallthrough=3 -Wno-strict-overflow -fdiagnostics-show-option -Wno-long-long -pthread -fomit-frame-pointer -ffunction-sections -fdata-sections  -msse -msse2 -msse3 -fvisibility=hidden -DCHECK_FUNCTION_EXISTS=sgemm_ -O3 -DNDEBUG -fPIE   -o CMakeFiles/cmTC_d34aa.dir/CheckFunctionExists.c.o   -c /usr/share/cmake-3.16/Modules/CheckFunctionExists.c
cc1: warning: '-Werror=' argument '-Werror=non-virtual-dtor' is not valid for C
Linking C executable cmTC_d34aa
/usr/bin/cmake -E cmake_link_script CMakeFiles/cmTC_d34aa.dir/link.txt --verbose=1
/usr/bin/cc    -fsigned-char -W -Wall -Werror=return-type -Werror=non-virtual-dtor -Werror=address -Werror=sequence-point -Wformat -Werror=format-security -Wmissing-declarations -Wmissing-prototypes -Wstrict-prototypes -Wundef -Winit-self -Wpointer-arith -Wshadow -Wuninitialized -Winit-self -Wno-comment -Wimplicit-fallthrough=3 -Wno-strict-overflow -fdiagnostics-show-option -Wno-long-long -pthread -fomit-frame-pointer -ffunction-sections -fdata-sections  -msse -msse2 -msse3 -fvisibility=hidden -DCHECK_FUNCTION_EXISTS=sgemm_ -O3 -DNDEBUG    -Wl,--gc-sections  -rdynamic CMakeFiles/cmTC_d34aa.dir/CheckFunctionExists.c.o  -o cmTC_d34aa 
/usr/bin/ld: CMakeFiles/cmTC_d34aa.dir/CheckFunctionExists.c.o: in function `main':
CheckFunctionExists.c:(.text.startup.main+0x10): undefined reference to `sgemm_'
collect2: error: ld returned 1 exit status
make[1]: *** [CMakeFiles/cmTC_d34aa.dir/build.make:87: cmTC_d34aa] Error 1
make[1]: Leaving directory '/workspaces/opencv4nodejs-express-websockets/node_modules/opencv-build/opencv/build/CMakeFiles/CMakeTmp'
make: *** [Makefile:121: cmTC_d34aa/fast] Error 2



Build output check failed:
    Regex: 'unrecognized .*option'
    Output line: 'cc1plus: warning: unrecognized command line option '-Wno-tautological-undefined-compare''
Compilation failed:
    source file: '/workspaces/opencv4nodejs-express-websockets/node_modules/opencv-build/opencv/build/CMakeFiles/CMakeTmp/src.cxx'
    check option: ' -Wno-tautological-undefined-compare'
===== BUILD LOG =====
Change Dir: /workspaces/opencv4nodejs-express-websockets/node_modules/opencv-build/opencv/build/CMakeFiles/CMakeTmp

Run Build Command(s):/usr/bin/make cmTC_32304/fast && /usr/bin/make -f CMakeFiles/cmTC_32304.dir/build.make CMakeFiles/cmTC_32304.dir/build
make[1]: Entering directory '/workspaces/opencv4nodejs-express-websockets/node_modules/opencv-build/opencv/build/CMakeFiles/CMakeTmp'
Building CXX object CMakeFiles/cmTC_32304.dir/src.cxx.o
/usr/bin/c++    -fsigned-char -W -Wall -Werror=return-type -Werror=non-virtual-dtor -Werror=address -Werror=sequence-point -Wformat -Werror=format-security -Winit-self -Wpointer-arith -Wuninitialized -Winit-self -Wno-delete-non-virtual-dtor -Wno-comment -Wimplicit-fallthrough=3 -Wno-strict-overflow -fdiagnostics-show-option -Wno-long-long -pthread -fomit-frame-pointer -ffunction-sections -fdata-sections  -msse -msse2 -msse3 -fvisibility=hidden -fvisibility-inlines-hidden -Wno-deprecated -Wno-missing-declarations -Wno-shadow -Wno-unused-parameter -Wno-unused-local-typedefs -Wno-sign-compare -Wno-sign-promo -Wno-undef  -O3 -DNDEBUG -fPIE    -Wno-tautological-undefined-compare -o CMakeFiles/cmTC_32304.dir/src.cxx.o -c /workspaces/opencv4nodejs-express-websockets/node_modules/opencv-build/opencv/build/CMakeFiles/CMakeTmp/src.cxx
/workspaces/opencv4nodejs-express-websockets/node_modules/opencv-build/opencv/build/CMakeFiles/CMakeTmp/src.cxx:1: warning: ignoring #pragma   [-Wunknown-pragmas]
    1 | #pragma
      | 
cc1plus: warning: unrecognized command line option '-Wno-tautological-undefined-compare'
Linking CXX executable cmTC_32304
/usr/bin/cmake -E cmake_link_script CMakeFiles/cmTC_32304.dir/link.txt --verbose=1
/usr/bin/c++     -fsigned-char -W -Wall -Werror=return-type -Werror=non-virtual-dtor -Werror=address -Werror=sequence-point -Wformat -Werror=format-security -Winit-self -Wpointer-arith -Wuninitialized -Winit-self -Wno-delete-non-virtual-dtor -Wno-comment -Wimplicit-fallthrough=3 -Wno-strict-overflow -fdiagnostics-show-option -Wno-long-long -pthread -fomit-frame-pointer -ffunction-sections -fdata-sections  -msse -msse2 -msse3 -fvisibility=hidden -fvisibility-inlines-hidden -Wno-deprecated -Wno-missing-declarations -Wno-shadow -Wno-unused-parameter -Wno-unused-local-typedefs -Wno-sign-compare -Wno-sign-promo -Wno-undef  -O3 -DNDEBUG    -Wl,--gc-sections  -rdynamic CMakeFiles/cmTC_32304.dir/src.cxx.o  -o cmTC_32304 
make[1]: Leaving directory '/workspaces/opencv4nodejs-express-websockets/node_modules/opencv-build/opencv/build/CMakeFiles/CMakeTmp'


===== END =====

Build output check failed:
    Regex: 'unrecognized .*option'
    Output line: 'cc1plus: warning: unrecognized command line option '-Wno-shorten-64-to-32''
Compilation failed:
    source file: '/workspaces/opencv4nodejs-express-websockets/node_modules/opencv-build/opencv/build/CMakeFiles/CMakeTmp/src.cxx'
    check option: ' -Wno-shorten-64-to-32'
===== BUILD LOG =====
Change Dir: /workspaces/opencv4nodejs-express-websockets/node_modules/opencv-build/opencv/build/CMakeFiles/CMakeTmp

Run Build Command(s):/usr/bin/make cmTC_d983e/fast && /usr/bin/make -f CMakeFiles/cmTC_d983e.dir/build.make CMakeFiles/cmTC_d983e.dir/build
make[1]: Entering directory '/workspaces/opencv4nodejs-express-websockets/node_modules/opencv-build/opencv/build/CMakeFiles/CMakeTmp'
Building CXX object CMakeFiles/cmTC_d983e.dir/src.cxx.o
/usr/bin/c++    -fsigned-char -W -Wall -Werror=return-type -Werror=non-virtual-dtor -Werror=address -Werror=sequence-point -Wformat -Werror=format-security -Winit-self -Wpointer-arith -Wuninitialized -Winit-self -Wno-delete-non-virtual-dtor -Wno-comment -Wimplicit-fallthrough=3 -Wno-strict-overflow -fdiagnostics-show-option -Wno-long-long -pthread -fomit-frame-pointer -ffunction-sections -fdata-sections  -msse -msse2 -msse3 -fvisibility=hidden -fvisibility-inlines-hidden -Wno-deprecated -Wno-missing-declarations -Wno-shadow -Wno-unused-parameter -Wno-unused-local-typedefs -Wno-sign-compare -Wno-sign-promo -Wno-undef -Wno-ignored-qualifiers -Wno-extra -Wno-unused-function -Wno-unused-const-variable  -O3 -DNDEBUG -fPIE    -Wno-shorten-64-to-32 -o CMakeFiles/cmTC_d983e.dir/src.cxx.o -c /workspaces/opencv4nodejs-express-websockets/node_modules/opencv-build/opencv/build/CMakeFiles/CMakeTmp/src.cxx
/workspaces/opencv4nodejs-express-websockets/node_modules/opencv-build/opencv/build/CMakeFiles/CMakeTmp/src.cxx:1: warning: ignoring #pragma   [-Wunknown-pragmas]
    1 | #pragma
      | 
cc1plus: warning: unrecognized command line option '-Wno-shorten-64-to-32'
Linking CXX executable cmTC_d983e
/usr/bin/cmake -E cmake_link_script CMakeFiles/cmTC_d983e.dir/link.txt --verbose=1
/usr/bin/c++     -fsigned-char -W -Wall -Werror=return-type -Werror=non-virtual-dtor -Werror=address -Werror=sequence-point -Wformat -Werror=format-security -Winit-self -Wpointer-arith -Wuninitialized -Winit-self -Wno-delete-non-virtual-dtor -Wno-comment -Wimplicit-fallthrough=3 -Wno-strict-overflow -fdiagnostics-show-option -Wno-long-long -pthread -fomit-frame-pointer -ffunction-sections -fdata-sections  -msse -msse2 -msse3 -fvisibility=hidden -fvisibility-inlines-hidden -Wno-deprecated -Wno-missing-declarations -Wno-shadow -Wno-unused-parameter -Wno-unused-local-typedefs -Wno-sign-compare -Wno-sign-promo -Wno-undef -Wno-ignored-qualifiers -Wno-extra -Wno-unused-function -Wno-unused-const-variable  -O3 -DNDEBUG    -Wl,--gc-sections  -rdynamic CMakeFiles/cmTC_d983e.dir/src.cxx.o  -o cmTC_d983e 
make[1]: Leaving directory '/workspaces/opencv4nodejs-express-websockets/node_modules/opencv-build/opencv/build/CMakeFiles/CMakeTmp'


===== END =====

Build output check failed:
    Regex: 'unrecognized .*option'
    Output line: 'cc1plus: warning: unrecognized command line option '-Wno-enum-compare-switch''
Compilation failed:
    source file: '/workspaces/opencv4nodejs-express-websockets/node_modules/opencv-build/opencv/build/CMakeFiles/CMakeTmp/src.cxx'
    check option: ' -Wno-enum-compare-switch'
===== BUILD LOG =====
Change Dir: /workspaces/opencv4nodejs-express-websockets/node_modules/opencv-build/opencv/build/CMakeFiles/CMakeTmp

Run Build Command(s):/usr/bin/make cmTC_f45a8/fast && /usr/bin/make -f CMakeFiles/cmTC_f45a8.dir/build.make CMakeFiles/cmTC_f45a8.dir/build
make[1]: Entering directory '/workspaces/opencv4nodejs-express-websockets/node_modules/opencv-build/opencv/build/CMakeFiles/CMakeTmp'
Building CXX object CMakeFiles/cmTC_f45a8.dir/src.cxx.o
/usr/bin/c++    -fsigned-char -W -Wall -Werror=return-type -Werror=non-virtual-dtor -Werror=address -Werror=sequence-point -Wformat -Werror=format-security -Winit-self -Wpointer-arith -Wuninitialized -Winit-self -Wno-delete-non-virtual-dtor -Wno-comment -Wimplicit-fallthrough=3 -Wno-strict-overflow -fdiagnostics-show-option -Wno-long-long -pthread -fomit-frame-pointer -ffunction-sections -fdata-sections  -msse -msse2 -msse3 -fvisibility=hidden -fvisibility-inlines-hidden -Wno-deprecated -Wno-missing-declarations -Wno-shadow -Wno-unused-parameter -Wno-unused-local-typedefs -Wno-sign-compare -Wno-sign-promo -Wno-undef -Wno-ignored-qualifiers -Wno-extra -Wno-unused-function -Wno-unused-const-variable -Wno-invalid-offsetof  -O3 -DNDEBUG -fPIE    -Wno-enum-compare-switch -o CMakeFiles/cmTC_f45a8.dir/src.cxx.o -c /workspaces/opencv4nodejs-express-websockets/node_modules/opencv-build/opencv/build/CMakeFiles/CMakeTmp/src.cxx
/workspaces/opencv4nodejs-express-websockets/node_modules/opencv-build/opencv/build/CMakeFiles/CMakeTmp/src.cxx:1: warning: ignoring #pragma   [-Wunknown-pragmas]
    1 | #pragma
      | 
cc1plus: warning: unrecognized command line option '-Wno-enum-compare-switch'
Linking CXX executable cmTC_f45a8
/usr/bin/cmake -E cmake_link_script CMakeFiles/cmTC_f45a8.dir/link.txt --verbose=1
/usr/bin/c++     -fsigned-char -W -Wall -Werror=return-type -Werror=non-virtual-dtor -Werror=address -Werror=sequence-point -Wformat -Werror=format-security -Winit-self -Wpointer-arith -Wuninitialized -Winit-self -Wno-delete-non-virtual-dtor -Wno-comment -Wimplicit-fallthrough=3 -Wno-strict-overflow -fdiagnostics-show-option -Wno-long-long -pthread -fomit-frame-pointer -ffunction-sections -fdata-sections  -msse -msse2 -msse3 -fvisibility=hidden -fvisibility-inlines-hidden -Wno-deprecated -Wno-missing-declarations -Wno-shadow -Wno-unused-parameter -Wno-unused-local-typedefs -Wno-sign-compare -Wno-sign-promo -Wno-undef -Wno-ignored-qualifiers -Wno-extra -Wno-unused-function -Wno-unused-const-variable -Wno-invalid-offsetof  -O3 -DNDEBUG    -Wl,--gc-sections  -rdynamic CMakeFiles/cmTC_f45a8.dir/src.cxx.o  -o cmTC_f45a8 
make[1]: Leaving directory '/workspaces/opencv4nodejs-express-websockets/node_modules/opencv-build/opencv/build/CMakeFiles/CMakeTmp'


===== END =====

